{"name": "Создание курьера", "status": "failed", "statusDetails": {"message": "AssertionError: Expected status code 201, but got 409\nassert 409 == 201\n +  where 409 = <Response [409]>.status_code", "trace": "self = <test_create_courier.TestCreateCourier object at 0x0000026EE5904CD0>, create_random_courier = <Response [409]>\n\n    @allure.title(\"Создание курьера\")\n    @allure.description(\"Проверка создания курьера\")\n    def test_create_courier(self, create_random_courier):\n        response = create_random_courier\n>       assert response.status_code == 201, f\"Expected status code 201, but got {response.status_code}\"\nE       AssertionError: Expected status code 201, but got 409\nE       assert 409 == 201\nE        +  where 409 = <Response [409]>.status_code\n\ntests\\test_create_courier.py:13: AssertionError"}, "description": "Проверка создания курьера", "start": 1771502981609, "stop": 1771502981609, "uuid": "48286a6c-bbc4-43c8-949a-09aa01e2aef7", "historyId": "72336201213e1c247212ca36a7229695", "testCaseId": "72336201213e1c247212ca36a7229695", "fullName": "tests.test_create_courier.TestCreateCourier#test_create_courier", "labels": [{"name": "parentSuite", "value": "tests"}, {"name": "suite", "value": "test_create_courier"}, {"name": "subSuite", "value": "TestCreateCourier"}, {"name": "host", "value": "PC_MSK-30102"}, {"name": "thread", "value": "55608-MainThread"}, {"name": "framework", "value": "pytest"}, {"name": "language", "value": "cpython3"}, {"name": "package", "value": "tests.test_create_courier"}], "titlePath": ["tests", "test_create_courier.py", "TestCreateCourier"]}