{"name": "test_fake_login_courier", "status": "failed", "statusDetails": {"message": "AssertionError: Expected status code 404 but got 200\nassert 200 == 404\n +  where 200 = <Response [200]>.status_code", "trace": "self = <test_login_courier.TestLoginCourier object at 0x0000026EE5905F90>, courier_login = <Response [200]>\n\n    @allure.description(\"Проверка на ошибку, если неправильно указать логин\")\n    def test_fake_login_courier(self, courier_login):\n        response = courier_login\n>       assert response.status_code == 404, f\"Expected status code 404 but got {response.status_code}\"\nE       AssertionError: Expected status code 404 but got 200\nE       assert 200 == 404\nE        +  where 200 = <Response [200]>.status_code\n\ntests\\test_login_courier.py:19: AssertionError"}, "description": "Проверка на ошибку, если неправильно указать логин", "start": 1771502995606, "stop": 1771502995606, "uuid": "328585f9-b6b0-472d-91e1-ab34d462acb5", "historyId": "c2495afbaa881ec47b18cf317bb1111f", "testCaseId": "c2495afbaa881ec47b18cf317bb1111f", "fullName": "tests.test_login_courier.TestLoginCourier#test_fake_login_courier", "labels": [{"name": "parentSuite", "value": "tests"}, {"name": "suite", "value": "test_login_courier"}, {"name": "subSuite", "value": "TestLoginCourier"}, {"name": "host", "value": "PC_MSK-30102"}, {"name": "thread", "value": "55608-MainThread"}, {"name": "framework", "value": "pytest"}, {"name": "language", "value": "cpython3"}, {"name": "package", "value": "tests.test_login_courier"}], "titlePath": ["tests", "test_login_courier.py", "TestLoginCourier"]}