{"name": "test_no_pass", "status": "failed", "statusDetails": {"message": "AssertionError: Expected status code 400 but got 504\nassert 504 == 400\n +  where 504 = <Response [504]>.status_code", "trace": "self = <test_login_courier.TestLoginCourier object at 0x0000026EE5918950>, not_pass = <Response [504]>\n\n    @allure.description(\"Проверка на ошибку, если нет поля пароля\")\n    def test_no_pass(self, not_pass):\n        response = not_pass\n>       assert response.status_code == 400, f\"Expected status code 400 but got {response.status_code}\"\nE       AssertionError: Expected status code 400 but got 504\nE       assert 504 == 400\nE        +  where 504 = <Response [504]>.status_code\n\ntests\\test_login_courier.py:37: AssertionError"}, "description": "Проверка на ошибку, если нет поля пароля", "start": 1771503056124, "stop": 1771503056125, "uuid": "29478e17-760e-455b-947a-34f2084708df", "historyId": "d48555af71854b7b282cbbc69059360e", "testCaseId": "d48555af71854b7b282cbbc69059360e", "fullName": "tests.test_login_courier.TestLoginCourier#test_no_pass", "labels": [{"name": "parentSuite", "value": "tests"}, {"name": "suite", "value": "test_login_courier"}, {"name": "subSuite", "value": "TestLoginCourier"}, {"name": "host", "value": "PC_MSK-30102"}, {"name": "thread", "value": "55608-MainThread"}, {"name": "framework", "value": "pytest"}, {"name": "language", "value": "cpython3"}, {"name": "package", "value": "tests.test_login_courier"}], "titlePath": ["tests", "test_login_courier.py", "TestLoginCourier"]}